<?xml version="1.0" encoding="utf-8"?><testsuites name="pytest tests"><testsuite name="pytest" errors="0" failures="0" skipped="0" tests="7" time="9.314" timestamp="2026-08-06T00:58:36.522131+00:00" hostname="agent-env-a5f1876e-86b8-42de-bdb8-e2e79b3328d7"><testcase classname="backend.tests.test_object_storage.TestStartupLog" name="test_startup_log_contains_ready" time="0.004" /><testcase classname="backend.tests.test_object_storage.TestPngUpload" name="test_upload_png_and_verify_roundtrip" time="1.222" /><testcase classname="backend.tests.test_object_storage.TestPngUpload" name="test_persistence_across_restart" time="5.800" /><testcase classname="backend.tests.test_object_storage.TestMp4Upload" name="test_upload_mp4" time="0.573" /><testcase classname="backend.tests.test_object_storage.TestLegacyFallbackAnd404" name="test_legacy_local_file_served" time="0.914" /><testcase classname="backend.tests.test_object_storage.TestLegacyFallbackAnd404" name="test_404_for_missing" time="0.611" /><testcase classname="backend.tests.test_object_storage.TestDbIntegrity" name="test_media_list_contains_new_upload" time="0.121" /></testsuite></testsuites>