<?xml version="1.0" encoding="utf-8"?><testsuites name="pytest tests"><testsuite name="pytest" errors="0" failures="0" skipped="0" tests="7" time="1.423" timestamp="2026-07-29T22:21:19.837337+00:00" hostname="agent-env-a5f1876e-86b8-42de-bdb8-e2e79b3328d7"><testcase classname="backend.tests.test_services.TestPublicServices" name="test_list_services" time="0.295" /><testcase classname="backend.tests.test_services.TestPublicServices" name="test_get_by_slug_etudes_fondations" time="0.048" /><testcase classname="backend.tests.test_services.TestPublicServices" name="test_get_nonexistent_slug_404" time="0.050" /><testcase classname="backend.tests.test_services.TestAdminServices" name="test_admin_login" time="0.323" /><testcase classname="backend.tests.test_services.TestAdminServices" name="test_admin_list_all" time="0.046" /><testcase classname="backend.tests.test_services.TestAdminServices" name="test_create_full_service_and_verify" time="0.317" /><testcase classname="backend.tests.test_services.TestAdminServices" name="test_legacy_payload_backward_compat" time="0.105" /></testsuite></testsuites>