<?xml version="1.0" encoding="utf-8"?><testsuites name="pytest tests"><testsuite name="pytest" errors="0" failures="0" skipped="0" tests="6" time="1.872" timestamp="2026-08-05T23:41:08.903883+00:00" hostname="agent-env-a5f1876e-86b8-42de-bdb8-e2e79b3328d7"><testcase classname="backend.tests.test_upload_fix.TestUploadFix" name="test_upload_returns_api_uploads_url" time="0.884" /><testcase classname="backend.tests.test_upload_fix.TestUploadFix" name="test_uploaded_file_publicly_accessible" time="0.143" /><testcase classname="backend.tests.test_upload_fix.TestUploadFix" name="test_legacy_uploads_route_not_serving_images" time="0.195" /><testcase classname="backend.tests.test_upload_fix.TestUploadFix" name="test_admin_media_list_all_urls_have_api_prefix" time="0.139" /><testcase classname="backend.tests.test_upload_fix.TestUploadFix" name="test_services_image_urls_migrated" time="0.124" /><testcase classname="backend.tests.test_upload_fix.TestUploadFix" name="test_cleanup_uploaded_media" time="0.170" /></testsuite></testsuites>